#
# There is insufficient memory for the Java Runtime Environment to continue.
# Native memory allocation (malloc) failed to allocate 664944 bytes. Error detail: Chunk::new
# Possible reasons:
#   The system is out of physical RAM or swap space
#   This process is running with CompressedOops enabled, and the Java Heap may be blocking the growth of the native heap
# Possible solutions:
#   Reduce memory load on the system
#   Increase physical memory or swap space
#   Check if swap backing store is full
#   Decrease Java heap size (-Xmx/-Xms)
#   Decrease number of Java threads
#   Decrease Java thread stack sizes (-Xss)
#   Set larger code cache with -XX:ReservedCodeCacheSize=
#   JVM is running with Unscaled Compressed Oops mode in which the Java heap is
#     placed in the first 4GB address space. The Java Heap base address is the
#     maximum limit for the native heap growth. Please use -XX:HeapBaseMinAddress
#     to set the Java Heap base and to place the Java Heap above 4GB virtual address.
# This output file may be truncated or incomplete.
#
#  Out of Memory Error (arena.cpp:191), pid=2600, tid=6196
#
# JRE version: OpenJDK Runtime Environment Temurin-17.0.13+11 (17.0.13+11) (build 17.0.13+11)
# Java VM: OpenJDK 64-Bit Server VM Temurin-17.0.13+11 (17.0.13+11, mixed mode, tiered, compressed oops, compressed class ptrs, parallel gc, windows-amd64)
# No core dump will be written. Minidumps are not enabled by default on client versions of Windows
#

---------------  S U M M A R Y ------------

Command Line: --add-modules=ALL-SYSTEM --add-opens=java.base/java.util=ALL-UNNAMED --add-opens=java.base/java.lang=ALL-UNNAMED --add-opens=java.base/sun.nio.fs=ALL-UNNAMED -Declipse.application=org.eclipse.jdt.ls.core.id1 -Dosgi.bundles.defaultStartLevel=4 -Declipse.product=org.eclipse.jdt.ls.core.product -Djava.import.generatesMetadataFilesAtProjectRoot=false -DDetectVMInstallationsJob.disabled=true -Dfile.encoding=utf8 -XX:+UseParallelGC -XX:GCTimeRatio=4 -XX:AdaptiveSizePolicyWeight=90 -Dsun.zip.disableMemoryMapping=true -Xmx1G -Xms100m -Xlog:disable -javaagent:c:\Users\USER\.vscode\extensions\redhat.java-1.36.0-win32-x64\lombok\lombok-1.18.35.jar c:\Users\USER\.vscode\extensions\redhat.java-1.36.0-win32-x64\server\plugins\org.eclipse.equinox.launcher_1.6.900.v20240613-2009.jar -configuration c:\Users\USER\AppData\Roaming\Code\User\globalStorage\redhat.java\1.36.0\config_ss_win -data c:\Users\USER\AppData\Roaming\Code\User\workspaceStorage\cd3e61c8526cfff99097a54911ca5c14\redhat.java\ss_ws --pipe=\\.\pipe\lsp-0d18fe4a221aae5f7109d49bc22a83ba-sock

Host: AMD Ryzen 5 5600H with Radeon Graphics         , 12 cores, 7G,  Windows 11 , 64 bit Build 22621 (10.0.22621.3958)
Time: Sat Nov  9 21:19:03 2024 SE Asia Standard Time elapsed time: 1.503841 seconds (0d 0h 0m 1s)

---------------  T H R E A D  ---------------

Current thread (0x0000023130e751a0):  JavaThread "C2 CompilerThread0" daemon [_thread_in_native, id=6196, stack(0x000000b456e00000,0x000000b456f00000)]


Current CompileTask:
C2:   1503 1431       4       java.io.WinNTFileSystem::normalize (143 bytes)

Stack: [0x000000b456e00000,0x000000b456f00000]
Native frames: (J=compiled Java code, j=interpreted, Vv=VM code, C=native code)
V  [jvm.dll+0x682a19]
V  [jvm.dll+0x839538]
V  [jvm.dll+0x83afe3]
V  [jvm.dll+0x83b653]
V  [jvm.dll+0x24704f]
V  [jvm.dll+0xace34]
V  [jvm.dll+0xad4cc]
V  [jvm.dll+0x36597e]
V  [jvm.dll+0x32fbd8]
V  [jvm.dll+0x32f05a]
V  [jvm.dll+0x21804f]
V  [jvm.dll+0x21748f]
V  [jvm.dll+0x1a3070]
V  [jvm.dll+0x22788c]
V  [jvm.dll+0x2259eb]
V  [jvm.dll+0x7eec98]
V  [jvm.dll+0x7e8ffc]
V  [jvm.dll+0x6818f7]
C  [ucrtbase.dll+0x29333]
C  [KERNEL32.DLL+0x1257d]
C  [ntdll.dll+0x5af08]


---------------  P R O C E S S  ---------------

Threads class SMR info:
_java_thread_list=0x0000023132b72ce0, length=16, elements={
0x0000023117e5e510, 0x000002312bce0030, 0x000002312bce1390, 0x0000023130e672d0,
0x000002312bcec000, 0x000002312bcecbc0, 0x000002312bceddc0, 0x0000023130e751a0,
0x0000023130e77be0, 0x0000023130e78d80, 0x0000023130f81be0, 0x00000231310741b0,
0x0000023132dec1a0, 0x0000023132bb0570, 0x0000023132b83f30, 0x0000023132be0920
}

Java Threads: ( => current thread )
  0x0000023117e5e510 JavaThread "main" [_thread_blocked, id=7900, stack(0x000000b456500000,0x000000b456600000)]
  0x000002312bce0030 JavaThread "Reference Handler" daemon [_thread_blocked, id=21516, stack(0x000000b456800000,0x000000b456900000)]
  0x000002312bce1390 JavaThread "Finalizer" daemon [_thread_blocked, id=9088, stack(0x000000b456900000,0x000000b456a00000)]
  0x0000023130e672d0 JavaThread "Signal Dispatcher" daemon [_thread_blocked, id=13852, stack(0x000000b456a00000,0x000000b456b00000)]
  0x000002312bcec000 JavaThread "Attach Listener" daemon [_thread_blocked, id=17948, stack(0x000000b456b00000,0x000000b456c00000)]
  0x000002312bcecbc0 JavaThread "Service Thread" daemon [_thread_blocked, id=27640, stack(0x000000b456c00000,0x000000b456d00000)]
  0x000002312bceddc0 JavaThread "Monitor Deflation Thread" daemon [_thread_blocked, id=23904, stack(0x000000b456d00000,0x000000b456e00000)]
=>0x0000023130e751a0 JavaThread "C2 CompilerThread0" daemon [_thread_in_native, id=6196, stack(0x000000b456e00000,0x000000b456f00000)]
  0x0000023130e77be0 JavaThread "C1 CompilerThread0" daemon [_thread_in_vm, id=26428, stack(0x000000b456f00000,0x000000b457000000)]
  0x0000023130e78d80 JavaThread "Sweeper thread" daemon [_thread_blocked, id=17724, stack(0x000000b457000000,0x000000b457100000)]
  0x0000023130f81be0 JavaThread "Common-Cleaner" daemon [_thread_blocked, id=12340, stack(0x000000b457100000,0x000000b457200000)]
  0x00000231310741b0 JavaThread "Notification Thread" daemon [_thread_blocked, id=26988, stack(0x000000b457200000,0x000000b457300000)]
  0x0000023132dec1a0 JavaThread "Active Thread: Equinox Container: 0197b825-a94e-4a47-bd94-98d60629e164" [_thread_blocked, id=29364, stack(0x000000b457a00000,0x000000b457b00000)]
  0x0000023132bb0570 JavaThread "Framework Event Dispatcher: Equinox Container: 0197b825-a94e-4a47-bd94-98d60629e164" daemon [_thread_blocked, id=18092, stack(0x000000b457b00000,0x000000b457c00000)]
  0x0000023132b83f30 JavaThread "Start Level: Equinox Container: 0197b825-a94e-4a47-bd94-98d60629e164" daemon [_thread_in_native, id=13868, stack(0x000000b457c00000,0x000000b457d00000)]
  0x0000023132be0920 JavaThread "SCR Component Actor" daemon [_thread_blocked, id=30556, stack(0x000000b457d00000,0x000000b457e00000)]

Other Threads:
  0x0000023130e54870 VMThread "VM Thread" [stack: 0x000000b456700000,0x000000b456800000] [id=7028]
  0x0000023131074690 WatcherThread [stack: 0x000000b457300000,0x000000b457400000] [id=30584]
  0x0000023117e73210 GCTaskThread "GC Thread#0" [stack: 0x000000b456600000,0x000000b456700000] [id=25300]
  0x0000023132701160 GCTaskThread "GC Thread#1" [stack: 0x000000b457400000,0x000000b457500000] [id=29084]
  0x0000023132a4bcf0 GCTaskThread "GC Thread#2" [stack: 0x000000b457500000,0x000000b457600000] [id=23688]
  0x0000023132a4bfb0 GCTaskThread "GC Thread#3" [stack: 0x000000b457600000,0x000000b457700000] [id=30560]
  0x0000023132a4c270 GCTaskThread "GC Thread#4" [stack: 0x000000b457700000,0x000000b457800000] [id=16860]
  0x0000023132a4c530 GCTaskThread "GC Thread#5" [stack: 0x000000b457800000,0x000000b457900000] [id=25124]
  0x0000023132a85070 GCTaskThread "GC Thread#6" [stack: 0x000000b457900000,0x000000b457a00000] [id=12200]

Threads with active compile tasks:
C2 CompilerThread0     1557 1431       4       java.io.WinNTFileSystem::normalize (143 bytes)
C1 CompilerThread0     1557 1507   !   3       org.eclipse.osgi.internal.framework.BundleContextImpl::setContextFinder (77 bytes)

VM state: not at safepoint (normal execution)

VM Mutex/Monitor currently owned by a thread: None

Heap address: 0x00000000c0000000, size: 1024 MB, Compressed Oops mode: 32-bit

CDS archive(s) not mapped
Compressed class space mapped at: 0x0000000100000000-0x0000000140000000, reserved size: 1073741824
Narrow klass base: 0x0000000000000000, Narrow klass shift: 3, Narrow klass range: 0x140000000

GC Precious Log:
 CPUs: 12 total, 12 available
 Memory: 7581M
 Large Page Support: Disabled
 NUMA Support: Disabled
 Compressed Oops: Enabled (32-bit)
 Alignments: Space 512K, Generation 512K, Heap 2M
 Heap Min Capacity: 100M
 Heap Initial Capacity: 100M
 Heap Max Capacity: 1G
 Pre-touch: Disabled
 Parallel Workers: 10

Heap:
 PSYoungGen      total 29696K, used 27946K [0x00000000eab00000, 0x00000000ecc00000, 0x0000000100000000)
  eden space 25600K, 96% used [0x00000000eab00000,0x00000000ec335638,0x00000000ec400000)
  from space 4096K, 77% used [0x00000000ec400000,0x00000000ec715330,0x00000000ec800000)
  to   space 4096K, 0% used [0x00000000ec800000,0x00000000ec800000,0x00000000ecc00000)
 ParOldGen       total 68608K, used 16K [0x00000000c0000000, 0x00000000c4300000, 0x00000000eab00000)
  object space 68608K, 0% used [0x00000000c0000000,0x00000000c0004000,0x00000000c4300000)
 Metaspace       used 14379K, committed 14592K, reserved 1114112K
  class space    used 1439K, committed 1536K, reserved 1048576K

Card table byte_map: [0x0000023117820000,0x0000023117a30000] _byte_map_base: 0x0000023117220000

Marking Bits: (ParMarkBitMap*) 0x00007ffa913f6940
 Begin Bits: [0x0000023129af0000, 0x000002312aaf0000)
 End Bits:   [0x000002312aaf0000, 0x000002312baf0000)

Polling page: 0x0000023117610000

Metaspace:

Usage:
  Non-class:     12.64 MB used.
      Class:      1.41 MB used.
       Both:     14.04 MB used.

Virtual space:
  Non-class space:       64.00 MB reserved,      12.75 MB ( 20%) committed,  1 nodes.
      Class space:        1.00 GB reserved,       1.50 MB ( <1%) committed,  1 nodes.
             Both:        1.06 GB reserved,      14.25 MB (  1%) committed. 

Chunk freelists:
   Non-Class:  2.88 MB
       Class:  14.40 MB
        Both:  17.27 MB

MaxMetaspaceSize: unlimited
CompressedClassSpaceSize: 1.00 GB
Initial GC threshold: 21.00 MB
Current GC threshold: 21.00 MB
CDS: off
MetaspaceReclaimPolicy: balanced
 - commit_granule_bytes: 65536.
 - commit_granule_words: 8192.
 - virtual_space_node_default_size: 8388608.
 - enlarge_chunks_in_place: 1.
 - new_chunks_are_fully_committed: 0.
 - uncommit_free_chunks: 1.
 - use_allocation_guard: 0.
 - handle_deallocations: 1.


Internal statistics:

num_allocs_failed_limit: 0.
num_arena_births: 64.
num_arena_deaths: 0.
num_vsnodes_births: 2.
num_vsnodes_deaths: 0.
num_space_committed: 228.
num_space_uncommitted: 0.
num_chunks_returned_to_freelist: 0.
num_chunks_taken_from_freelist: 273.
num_chunk_merges: 0.
num_chunk_splits: 176.
num_chunks_enlarged: 129.
num_inconsistent_stats: 0.

CodeHeap 'non-profiled nmethods': size=120000Kb used=572Kb max_used=572Kb free=119427Kb
 bounds [0x00000231225c0000, 0x0000023122830000, 0x0000023129af0000]
CodeHeap 'profiled nmethods': size=120000Kb used=2753Kb max_used=2753Kb free=117246Kb
 bounds [0x000002311aaf0000, 0x000002311adb0000, 0x0000023122020000]
CodeHeap 'non-nmethods': size=5760Kb used=1157Kb max_used=1173Kb free=4602Kb
 bounds [0x0000023122020000, 0x0000023122290000, 0x00000231225c0000]
 total_blobs=1949 nmethods=1498 adapters=365
 compilation: enabled
              stopped_count=0, restarted_count=0
 full_count=0

Compilation events (20 events):
Event: 1.460 Thread 0x0000023130e77be0 1454       3       java.security.CodeSource::<init> (52 bytes)
Event: 1.460 Thread 0x0000023130e77be0 nmethod 1454 0x000002311ad87e90 code [0x000002311ad88060, 0x000002311ad88498]
Event: 1.460 Thread 0x0000023130e77be0 1455       3       java.security.SecureClassLoader::defineClass (16 bytes)
Event: 1.460 Thread 0x0000023130e77be0 nmethod 1455 0x000002311ad88610 code [0x000002311ad887c0, 0x000002311ad88958]
Event: 1.460 Thread 0x0000023130e77be0 1456       3       java.lang.ClassLoader::getDefinedPackage (36 bytes)
Event: 1.460 Thread 0x0000023130e77be0 nmethod 1456 0x000002311ad88a10 code [0x000002311ad88c00, 0x000002311ad89148]
Event: 1.461 Thread 0x0000023130e77be0 1457       1       org.eclipse.osgi.framework.eventmgr.CopyOnWriteIdentityMap::entries (5 bytes)
Event: 1.461 Thread 0x0000023130e77be0 nmethod 1457 0x000002312264d090 code [0x000002312264d220, 0x000002312264d2f8]
Event: 1.461 Thread 0x0000023130e77be0 1458       3       java.util.concurrent.locks.ReentrantReadWriteLock$ReadLock::lock (9 bytes)
Event: 1.461 Thread 0x0000023130e77be0 nmethod 1458 0x000002311ad89310 code [0x000002311ad894c0, 0x000002311ad89608]
Event: 1.461 Thread 0x0000023130e77be0 1459       3       java.util.concurrent.locks.AbstractQueuedSynchronizer::acquireShared (20 bytes)
Event: 1.462 Thread 0x0000023130e77be0 nmethod 1459 0x000002311ad89710 code [0x000002311ad898c0, 0x000002311ad89b18]
Event: 1.462 Thread 0x0000023130e77be0 1460       3       java.util.concurrent.locks.ReentrantReadWriteLock$ReadLock::unlock (10 bytes)
Event: 1.462 Thread 0x0000023130e77be0 nmethod 1460 0x000002311ad89c10 code [0x000002311ad89de0, 0x000002311ad8a0b8]
Event: 1.462 Thread 0x0000023130e77be0 1461       3       java.util.concurrent.locks.AbstractQueuedSynchronizer::releaseShared (19 bytes)
Event: 1.462 Thread 0x0000023130e77be0 nmethod 1461 0x000002311ad8a210 code [0x000002311ad8a400, 0x000002311ad8a848]
Event: 1.463 Thread 0x0000023130e77be0 1462       3       java.lang.Character::codePointAt (51 bytes)
Event: 1.464 Thread 0x0000023130e77be0 nmethod 1462 0x000002311ad8aa10 code [0x000002311ad8ac00, 0x000002311ad8b248]
Event: 1.464 Thread 0x0000023130e77be0 1463       1       org.eclipse.osgi.storage.BundleInfo$Generation::getBundleInfo (5 bytes)
Event: 1.464 Thread 0x0000023130e77be0 nmethod 1463 0x000002312264d390 code [0x000002312264d520, 0x000002312264d5f8]

GC Heap History (2 events):
Event: 0.796 GC heap before
{Heap before GC invocations=1 (full 0):
 PSYoungGen      total 29696K, used 25600K [0x00000000eab00000, 0x00000000ecc00000, 0x0000000100000000)
  eden space 25600K, 100% used [0x00000000eab00000,0x00000000ec400000,0x00000000ec400000)
  from space 4096K, 0% used [0x00000000ec800000,0x00000000ec800000,0x00000000ecc00000)
  to   space 4096K, 0% used [0x00000000ec400000,0x00000000ec400000,0x00000000ec800000)
 ParOldGen       total 68608K, used 0K [0x00000000c0000000, 0x00000000c4300000, 0x00000000eab00000)
  object space 68608K, 0% used [0x00000000c0000000,0x00000000c0000000,0x00000000c4300000)
 Metaspace       used 10933K, committed 11072K, reserved 1114112K
  class space    used 1085K, committed 1152K, reserved 1048576K
}
Event: 0.806 GC heap after
{Heap after GC invocations=1 (full 0):
 PSYoungGen      total 29696K, used 3156K [0x00000000eab00000, 0x00000000ecc00000, 0x0000000100000000)
  eden space 25600K, 0% used [0x00000000eab00000,0x00000000eab00000,0x00000000ec400000)
  from space 4096K, 77% used [0x00000000ec400000,0x00000000ec715330,0x00000000ec800000)
  to   space 4096K, 0% used [0x00000000ec800000,0x00000000ec800000,0x00000000ecc00000)
 ParOldGen       total 68608K, used 16K [0x00000000c0000000, 0x00000000c4300000, 0x00000000eab00000)
  object space 68608K, 0% used [0x00000000c0000000,0x00000000c0004000,0x00000000c4300000)
 Metaspace       used 10933K, committed 11072K, reserved 1114112K
  class space    used 1085K, committed 1152K, reserved 1048576K
}

Dll operation events (8 events):
Event: 0.011 Loaded shared library c:\Users\USER\.vscode\extensions\redhat.java-1.36.0-win32-x64\jre\17.0.13-win32-x86_64\bin\java.dll
Event: 0.217 Loaded shared library c:\Users\USER\.vscode\extensions\redhat.java-1.36.0-win32-x64\jre\17.0.13-win32-x86_64\bin\zip.dll
Event: 0.219 Loaded shared library C:\Users\USER\.vscode\extensions\redhat.java-1.36.0-win32-x64\jre\17.0.13-win32-x86_64\bin\instrument.dll
Event: 0.228 Loaded shared library C:\Users\USER\.vscode\extensions\redhat.java-1.36.0-win32-x64\jre\17.0.13-win32-x86_64\bin\net.dll
Event: 0.230 Loaded shared library C:\Users\USER\.vscode\extensions\redhat.java-1.36.0-win32-x64\jre\17.0.13-win32-x86_64\bin\nio.dll
Event: 0.234 Loaded shared library C:\Users\USER\.vscode\extensions\redhat.java-1.36.0-win32-x64\jre\17.0.13-win32-x86_64\bin\zip.dll
Event: 0.246 Loaded shared library C:\Users\USER\.vscode\extensions\redhat.java-1.36.0-win32-x64\jre\17.0.13-win32-x86_64\bin\jimage.dll
Event: 0.292 Loaded shared library c:\Users\USER\.vscode\extensions\redhat.java-1.36.0-win32-x64\jre\17.0.13-win32-x86_64\bin\verify.dll

Deoptimization events (20 events):
Event: 1.205 Thread 0x0000023117e5e510 DEOPT PACKING pc=0x00000231226218d8 sp=0x000000b4565fc800
Event: 1.205 Thread 0x0000023117e5e510 DEOPT UNPACKING pc=0x00000231220766a3 sp=0x000000b4565fc760 mode 2
Event: 1.318 Thread 0x0000023117e5e510 Uncommon trap: trap_request=0xffffffde fr.pc=0x0000023122623b34 relative=0x0000000000000974
Event: 1.318 Thread 0x0000023117e5e510 Uncommon trap: reason=class_check action=maybe_recompile pc=0x0000023122623b34 method=java.util.HashMap.putVal(ILjava/lang/Object;Ljava/lang/Object;ZZ)Ljava/lang/Object; @ 253 c2
Event: 1.318 Thread 0x0000023117e5e510 DEOPT PACKING pc=0x0000023122623b34 sp=0x000000b4565fe0f0
Event: 1.318 Thread 0x0000023117e5e510 DEOPT UNPACKING pc=0x00000231220766a3 sp=0x000000b4565fe018 mode 2
Event: 1.319 Thread 0x0000023117e5e510 Uncommon trap: trap_request=0xffffffde fr.pc=0x0000023122623b34 relative=0x0000000000000974
Event: 1.319 Thread 0x0000023117e5e510 Uncommon trap: reason=class_check action=maybe_recompile pc=0x0000023122623b34 method=java.util.HashMap.putVal(ILjava/lang/Object;Ljava/lang/Object;ZZ)Ljava/lang/Object; @ 253 c2
Event: 1.319 Thread 0x0000023117e5e510 DEOPT PACKING pc=0x0000023122623b34 sp=0x000000b4565fe0f0
Event: 1.319 Thread 0x0000023117e5e510 DEOPT UNPACKING pc=0x00000231220766a3 sp=0x000000b4565fe018 mode 2
Event: 1.373 Thread 0x0000023117e5e510 DEOPT PACKING pc=0x000002311ac05e94 sp=0x000000b4565fc5e0
Event: 1.373 Thread 0x0000023117e5e510 DEOPT UNPACKING pc=0x0000023122076e43 sp=0x000000b4565fba60 mode 0
Event: 1.392 Thread 0x0000023117e5e510 DEOPT PACKING pc=0x000002311ac05e94 sp=0x000000b4565fc540
Event: 1.392 Thread 0x0000023117e5e510 DEOPT UNPACKING pc=0x0000023122076e43 sp=0x000000b4565fb9c0 mode 0
Event: 1.392 Thread 0x0000023117e5e510 Uncommon trap: trap_request=0xffffff45 fr.pc=0x000002312260a5a0 relative=0x0000000000000100
Event: 1.392 Thread 0x0000023117e5e510 Uncommon trap: reason=unstable_if action=reinterpret pc=0x000002312260a5a0 method=java.math.BigInteger.addOne([IIII)I @ 55 c2
Event: 1.392 Thread 0x0000023117e5e510 DEOPT PACKING pc=0x000002312260a5a0 sp=0x000000b4565fc870
Event: 1.392 Thread 0x0000023117e5e510 DEOPT UNPACKING pc=0x00000231220766a3 sp=0x000000b4565fc7f0 mode 2
Event: 1.393 Thread 0x0000023117e5e510 DEOPT PACKING pc=0x000002311ac05e94 sp=0x000000b4565fc830
Event: 1.393 Thread 0x0000023117e5e510 DEOPT UNPACKING pc=0x0000023122076e43 sp=0x000000b4565fbcb0 mode 0

Classes loaded (20 events):
Event: 1.370 Loading class sun/security/x509/SubjectAlternativeNameExtension
Event: 1.370 Loading class sun/security/x509/SubjectAlternativeNameExtension done
Event: 1.370 Loading class sun/security/x509/RFC822Name
Event: 1.370 Loading class sun/security/x509/RFC822Name done
Event: 1.408 Loading class java/util/LinkedList$Node
Event: 1.408 Loading class java/util/LinkedList$Node done
Event: 1.408 Loading class java/util/LinkedList$ListItr
Event: 1.409 Loading class java/util/LinkedList$ListItr done
Event: 1.416 Loading class sun/nio/fs/WindowsChannelFactory
Event: 1.416 Loading class sun/nio/fs/WindowsChannelFactory done
Event: 1.416 Loading class sun/nio/fs/WindowsChannelFactory$1
Event: 1.417 Loading class sun/nio/fs/WindowsChannelFactory$1 done
Event: 1.417 Loading class sun/nio/fs/WindowsChannelFactory$Flags
Event: 1.417 Loading class sun/nio/fs/WindowsChannelFactory$Flags done
Event: 1.417 Loading class sun/nio/ch/FileChannelImpl$Closer
Event: 1.417 Loading class sun/nio/ch/FileChannelImpl$Closer done
Event: 1.462 Loading class java/util/concurrent/CountDownLatch
Event: 1.462 Loading class java/util/concurrent/CountDownLatch done
Event: 1.462 Loading class java/util/concurrent/CountDownLatch$Sync
Event: 1.462 Loading class java/util/concurrent/CountDownLatch$Sync done

Classes unloaded (0 events):
No events

Classes redefined (0 events):
No events

Internal exceptions (20 events):
Event: 0.502 Thread 0x0000023117e5e510 Exception <a 'java/lang/ClassNotFoundException'{0x00000000eb887198}: sun/net/www/protocol/c/Handler> (0x00000000eb887198) 
thrown [s\src\hotspot\share\classfile\systemDictionary.cpp, line 256]
Event: 0.505 Thread 0x0000023117e5e510 Exception <a 'java/io/FileNotFoundException'{0x00000000eb89edb0}> (0x00000000eb89edb0) 
thrown [s\src\hotspot\share\prims\jni.cpp, line 516]
Event: 0.506 Thread 0x0000023117e5e510 Exception <a 'java/io/FileNotFoundException'{0x00000000eb89fad0}> (0x00000000eb89fad0) 
thrown [s\src\hotspot\share\prims\jni.cpp, line 516]
Event: 0.506 Thread 0x0000023117e5e510 Exception <a 'java/io/FileNotFoundException'{0x00000000eb8a07d0}> (0x00000000eb8a07d0) 
thrown [s\src\hotspot\share\prims\jni.cpp, line 516]
Event: 0.506 Thread 0x0000023117e5e510 Exception <a 'java/io/FileNotFoundException'{0x00000000eb8a14a0}> (0x00000000eb8a14a0) 
thrown [s\src\hotspot\share\prims\jni.cpp, line 516]
Event: 0.516 Thread 0x0000023117e5e510 Implicit null exception at 0x00000231225e6972 to 0x00000231225e6e90
Event: 0.518 Thread 0x0000023117e5e510 Exception <a 'java/io/FileNotFoundException'{0x00000000eb8dbfd0}> (0x00000000eb8dbfd0) 
thrown [s\src\hotspot\share\prims\jni.cpp, line 516]
Event: 0.699 Thread 0x0000023117e5e510 Exception <a 'java/lang/ClassNotFoundException'{0x00000000ec10d358}: sun/net/www/protocol/c/Handler> (0x00000000ec10d358) 
thrown [s\src\hotspot\share\classfile\systemDictionary.cpp, line 256]
Event: 0.700 Thread 0x0000023117e5e510 Exception <a 'java/lang/ClassNotFoundException'{0x00000000ec10e6b8}: sun/net/www/protocol/d/Handler> (0x00000000ec10e6b8) 
thrown [s\src\hotspot\share\classfile\systemDictionary.cpp, line 256]
Event: 0.700 Thread 0x0000023117e5e510 Exception <a 'java/lang/ClassNotFoundException'{0x00000000ec10f858}: sun/net/www/protocol/c/Handler> (0x00000000ec10f858) 
thrown [s\src\hotspot\share\classfile\systemDictionary.cpp, line 256]
Event: 0.711 Thread 0x0000023117e5e510 Exception <a 'java/io/FileNotFoundException'{0x00000000ec1330c0}> (0x00000000ec1330c0) 
thrown [s\src\hotspot\share\prims\jni.cpp, line 516]
Event: 0.811 Thread 0x0000023117e5e510 Exception <a 'java/lang/NoSuchMethodError'{0x00000000eab17960}: 'int java.lang.invoke.DirectMethodHandle$Holder.invokeStaticInit(java.lang.Object, java.lang.Object, java.lang.Object, java.lang.Object)'> (0x00000000eab17960) 
thrown [s\src\hotspot\share\interpreter\linkResolver.cpp, line 759]
Event: 0.812 Thread 0x0000023117e5e510 Exception <a 'java/lang/NoSuchMethodError'{0x00000000eab220c8}: 'java.lang.Object java.lang.invoke.DirectMethodHandle$Holder.invokeInterface(java.lang.Object, java.lang.Object)'> (0x00000000eab220c8) 
thrown [s\src\hotspot\share\interpreter\linkResolver.cpp, line 759]
Event: 0.813 Thread 0x0000023117e5e510 Exception <a 'java/lang/IncompatibleClassChangeError'{0x00000000eab258c0}: Found class java.lang.Object, but interface was expected> (0x00000000eab258c0) 
thrown [s\src\hotspot\share\interpreter\linkResolver.cpp, line 826]
Event: 0.814 Thread 0x0000023117e5e510 Exception <a 'java/lang/NoSuchMethodError'{0x00000000eab29da0}: 'void java.lang.invoke.DirectMethodHandle$Holder.invokeStatic(java.lang.Object, java.lang.Object)'> (0x00000000eab29da0) 
thrown [s\src\hotspot\share\interpreter\linkResolver.cpp, line 759]
Event: 0.814 Thread 0x0000023117e5e510 Exception <a 'java/lang/NoSuchMethodError'{0x00000000eab2d5a0}: 'void java.lang.invoke.DirectMethodHandle$Holder.invokeStaticInit(java.lang.Object, java.lang.Object)'> (0x00000000eab2d5a0) 
thrown [s\src\hotspot\share\interpreter\linkResolver.cpp, line 759]
Event: 0.815 Thread 0x0000023117e5e510 Exception <a 'java/lang/NoSuchMethodError'{0x00000000eab34a80}: 'int java.lang.invoke.DirectMethodHandle$Holder.invokeStaticInit(java.lang.Object, java.lang.Object)'> (0x00000000eab34a80) 
thrown [s\src\hotspot\share\interpreter\linkResolver.cpp, line 759]
Event: 0.894 Thread 0x0000023117e5e510 Exception <a 'java/lang/NoSuchMethodError'{0x00000000eaca0350}: 'void java.lang.invoke.DirectMethodHandle$Holder.invokeSpecial(java.lang.Object, java.lang.Object, java.lang.Object)'> (0x00000000eaca0350) 
thrown [s\src\hotspot\share\interpreter\linkResolver.cpp, line 759]
Event: 1.303 Thread 0x0000023117e5e510 Exception <a 'java/lang/NoSuchMethodError'{0x00000000eb9b0380}: 'java.lang.Object java.lang.invoke.DirectMethodHandle$Holder.newInvokeSpecial(java.lang.Object, int, java.lang.Object)'> (0x00000000eb9b0380) 
thrown [s\src\hotspot\share\interpreter\linkResolver.cpp, line 759]
Event: 1.462 Thread 0x0000023117e5e510 Exception <a 'java/lang/UnsatisfiedLinkError'{0x00000000ebf91ff0}: 'void org.eclipse.equinox.launcher.JNIBridge._update_splash()'> (0x00000000ebf91ff0) 
thrown [s\src\hotspot\share\prims\nativeLookup.cpp, line 543]

VM Operations (18 events):
Event: 0.179 Executing VM operation: HandshakeAllThreads
Event: 0.179 Executing VM operation: HandshakeAllThreads done
Event: 0.481 Executing VM operation: HandshakeAllThreads
Event: 0.481 Executing VM operation: HandshakeAllThreads done
Event: 0.498 Executing VM operation: HandshakeAllThreads
Event: 0.498 Executing VM operation: HandshakeAllThreads done
Event: 0.780 Executing VM operation: ICBufferFull
Event: 0.781 Executing VM operation: ICBufferFull done
Event: 0.796 Executing VM operation: ParallelGCFailedAllocation
Event: 0.807 Executing VM operation: ParallelGCFailedAllocation done
Event: 1.279 Executing VM operation: HandshakeAllThreads
Event: 1.279 Executing VM operation: HandshakeAllThreads done
Event: 1.279 Executing VM operation: HandshakeAllThreads
Event: 1.280 Executing VM operation: HandshakeAllThreads done
Event: 1.287 Executing VM operation: HandshakeAllThreads
Event: 1.287 Executing VM operation: HandshakeAllThreads done
Event: 1.298 Executing VM operation: HandshakeAllThreads
Event: 1.298 Executing VM operation: HandshakeAllThreads done

Memory protections (0 events):
No events

Nmethod flushes (0 events):
No events

Events (15 events):
Event: 0.032 Thread 0x0000023117e5e510 Thread added: 0x0000023117e5e510
Event: 0.043 Thread 0x0000023117e5e510 Thread added: 0x000002312bce0030
Event: 0.044 Thread 0x0000023117e5e510 Thread added: 0x000002312bce1390
Event: 0.056 Thread 0x0000023117e5e510 Thread added: 0x0000023130e672d0
Event: 0.056 Thread 0x0000023117e5e510 Thread added: 0x000002312bcec000
Event: 0.056 Thread 0x0000023117e5e510 Thread added: 0x000002312bcecbc0
Event: 0.072 Thread 0x0000023117e5e510 Thread added: 0x000002312bceddc0
Event: 0.072 Thread 0x0000023117e5e510 Thread added: 0x0000023130e751a0
Event: 0.072 Thread 0x0000023117e5e510 Thread added: 0x0000023130e77be0
Event: 0.073 Thread 0x0000023117e5e510 Thread added: 0x0000023130e78d80
Event: 0.147 Thread 0x0000023117e5e510 Thread added: 0x0000023130f81be0
Event: 0.352 Thread 0x0000023117e5e510 Thread added: 0x00000231310741b0
Event: 1.267 Thread 0x0000023117e5e510 Thread added: 0x0000023132dec1a0
Event: 1.457 Thread 0x0000023117e5e510 Thread added: 0x0000023132bb0570
Event: 1.461 Thread 0x0000023117e5e510 Thread added: 0x0000023132b83f30


Dynamic libraries:
0x00007ff6158d0000 - 0x00007ff6158de000 	c:\Users\USER\.vscode\extensions\redhat.java-1.36.0-win32-x64\jre\17.0.13-win32-x86_64\bin\java.exe
0x00007ffb44870000 - 0x00007ffb44a87000 	C:\Windows\SYSTEM32\ntdll.dll
0x00007ffb438b0000 - 0x00007ffb43974000 	C:\Windows\System32\KERNEL32.DLL
0x00007ffb421e0000 - 0x00007ffb42597000 	C:\Windows\System32\KERNELBASE.dll
0x00007ffb41dc0000 - 0x00007ffb41ed1000 	C:\Windows\System32\ucrtbase.dll
0x00007ffb3abc0000 - 0x00007ffb3abd7000 	c:\Users\USER\.vscode\extensions\redhat.java-1.36.0-win32-x64\jre\17.0.13-win32-x86_64\bin\jli.dll
0x00007ffb39c00000 - 0x00007ffb39c1e000 	c:\Users\USER\.vscode\extensions\redhat.java-1.36.0-win32-x64\jre\17.0.13-win32-x86_64\bin\VCRUNTIME140.dll
0x00007ffb42c30000 - 0x00007ffb42ddf000 	C:\Windows\System32\USER32.dll
0x00007ffb41b80000 - 0x00007ffb41ba6000 	C:\Windows\System32\win32u.dll
0x00007ffb42600000 - 0x00007ffb42629000 	C:\Windows\System32\GDI32.dll
0x00007ffb2e870000 - 0x00007ffb2eb03000 	C:\Windows\WinSxS\amd64_microsoft.windows.common-controls_6595b64144ccf1df_6.0.22621.3672_none_2713b9d173822955\COMCTL32.dll
0x00007ffb41ca0000 - 0x00007ffb41db8000 	C:\Windows\System32\gdi32full.dll
0x00007ffb41f50000 - 0x00007ffb41fea000 	C:\Windows\System32\msvcp_win.dll
0x00007ffb43800000 - 0x00007ffb438a7000 	C:\Windows\System32\msvcrt.dll
0x00007ffb43980000 - 0x00007ffb439b1000 	C:\Windows\System32\IMM32.DLL
0x00007ffb3ccc0000 - 0x00007ffb3cccc000 	c:\Users\USER\.vscode\extensions\redhat.java-1.36.0-win32-x64\jre\17.0.13-win32-x86_64\bin\vcruntime140_1.dll
0x00007ffb03160000 - 0x00007ffb031ed000 	c:\Users\USER\.vscode\extensions\redhat.java-1.36.0-win32-x64\jre\17.0.13-win32-x86_64\bin\msvcp140.dll
0x00007ffa90850000 - 0x00007ffa914bb000 	c:\Users\USER\.vscode\extensions\redhat.java-1.36.0-win32-x64\jre\17.0.13-win32-x86_64\bin\server\jvm.dll
0x00007ffb43670000 - 0x00007ffb43722000 	C:\Windows\System32\ADVAPI32.dll
0x00007ffb43ae0000 - 0x00007ffb43b88000 	C:\Windows\System32\sechost.dll
0x00007ffb41c70000 - 0x00007ffb41c98000 	C:\Windows\System32\bcrypt.dll
0x00007ffb439c0000 - 0x00007ffb43ad4000 	C:\Windows\System32\RPCRT4.dll
0x00007ffb42730000 - 0x00007ffb427a1000 	C:\Windows\System32\WS2_32.dll
0x00007ffb41a50000 - 0x00007ffb41a9d000 	C:\Windows\SYSTEM32\POWRPROF.dll
0x00007ffb3bc70000 - 0x00007ffb3bca4000 	C:\Windows\SYSTEM32\WINMM.dll
0x00007ffb3a6c0000 - 0x00007ffb3a6ca000 	C:\Windows\SYSTEM32\VERSION.dll
0x00007ffb41a30000 - 0x00007ffb41a43000 	C:\Windows\SYSTEM32\UMPDC.dll
0x00007ffb40bd0000 - 0x00007ffb40be8000 	C:\Windows\SYSTEM32\kernel.appcore.dll
0x00007ffb3ab90000 - 0x00007ffb3ab9a000 	c:\Users\USER\.vscode\extensions\redhat.java-1.36.0-win32-x64\jre\17.0.13-win32-x86_64\bin\jimage.dll
0x00007ffb3f360000 - 0x00007ffb3f592000 	C:\Windows\SYSTEM32\DBGHELP.DLL
0x00007ffb44140000 - 0x00007ffb444ce000 	C:\Windows\System32\combase.dll
0x00007ffb44060000 - 0x00007ffb44137000 	C:\Windows\System32\OLEAUT32.dll
0x00007ffb255e0000 - 0x00007ffb25612000 	C:\Windows\SYSTEM32\dbgcore.DLL
0x00007ffb41ff0000 - 0x00007ffb4206b000 	C:\Windows\System32\bcryptPrimitives.dll
0x00007ffb34c50000 - 0x00007ffb34c5e000 	c:\Users\USER\.vscode\extensions\redhat.java-1.36.0-win32-x64\jre\17.0.13-win32-x86_64\bin\instrument.dll
0x00007ffb22780000 - 0x00007ffb227a5000 	c:\Users\USER\.vscode\extensions\redhat.java-1.36.0-win32-x64\jre\17.0.13-win32-x86_64\bin\java.dll
0x00007ffb30720000 - 0x00007ffb30738000 	c:\Users\USER\.vscode\extensions\redhat.java-1.36.0-win32-x64\jre\17.0.13-win32-x86_64\bin\zip.dll
0x00007ffb42e00000 - 0x00007ffb43669000 	C:\Windows\System32\SHELL32.dll
0x00007ffb3faf0000 - 0x00007ffb403ef000 	C:\Windows\SYSTEM32\windows.storage.dll
0x00007ffb3f9b0000 - 0x00007ffb3faef000 	C:\Windows\SYSTEM32\wintypes.dll
0x00007ffb43ba0000 - 0x00007ffb43c99000 	C:\Windows\System32\SHCORE.dll
0x00007ffb425a0000 - 0x00007ffb425fe000 	C:\Windows\System32\shlwapi.dll
0x00007ffb41ab0000 - 0x00007ffb41ad7000 	C:\Windows\SYSTEM32\profapi.dll
0x00007ffb31db0000 - 0x00007ffb31dc9000 	C:\Users\USER\.vscode\extensions\redhat.java-1.36.0-win32-x64\jre\17.0.13-win32-x86_64\bin\net.dll
0x00007ffb3d8b0000 - 0x00007ffb3d9e6000 	C:\Windows\SYSTEM32\WINHTTP.dll
0x00007ffb41040000 - 0x00007ffb410a9000 	C:\Windows\system32\mswsock.dll
0x00007ffb2fa00000 - 0x00007ffb2fa16000 	C:\Users\USER\.vscode\extensions\redhat.java-1.36.0-win32-x64\jre\17.0.13-win32-x86_64\bin\nio.dll
0x00007ffb30900000 - 0x00007ffb30910000 	c:\Users\USER\.vscode\extensions\redhat.java-1.36.0-win32-x64\jre\17.0.13-win32-x86_64\bin\verify.dll
0x00007ffb0e270000 - 0x00007ffb0e2b5000 	C:\Users\USER\AppData\Roaming\Code\User\globalStorage\redhat.java\1.36.0\config_ss_win\org.eclipse.equinox.launcher\org.eclipse.equinox.launcher.win32.win32.x86_64_1.2.1100.v20240722-2106\eclipse_11904.dll
0x00007ffb43ca0000 - 0x00007ffb43e45000 	C:\Windows\System32\ole32.dll

dbghelp: loaded successfully - version: 4.0.5 - missing functions: none
symbol engine: initialized successfully - sym options: 0x614 - pdb path: .;c:\Users\USER\.vscode\extensions\redhat.java-1.36.0-win32-x64\jre\17.0.13-win32-x86_64\bin;C:\Windows\SYSTEM32;C:\Windows\WinSxS\amd64_microsoft.windows.common-controls_6595b64144ccf1df_6.0.22621.3672_none_2713b9d173822955;c:\Users\USER\.vscode\extensions\redhat.java-1.36.0-win32-x64\jre\17.0.13-win32-x86_64\bin\server;C:\Users\USER\AppData\Roaming\Code\User\globalStorage\redhat.java\1.36.0\config_ss_win\org.eclipse.equinox.launcher\org.eclipse.equinox.launcher.win32.win32.x86_64_1.2.1100.v20240722-2106

VM Arguments:
jvm_args: --add-modules=ALL-SYSTEM --add-opens=java.base/java.util=ALL-UNNAMED --add-opens=java.base/java.lang=ALL-UNNAMED --add-opens=java.base/sun.nio.fs=ALL-UNNAMED -Declipse.application=org.eclipse.jdt.ls.core.id1 -Dosgi.bundles.defaultStartLevel=4 -Declipse.product=org.eclipse.jdt.ls.core.product -Djava.import.generatesMetadataFilesAtProjectRoot=false -DDetectVMInstallationsJob.disabled=true -Dfile.encoding=utf8 -XX:+UseParallelGC -XX:GCTimeRatio=4 -XX:AdaptiveSizePolicyWeight=90 -Dsun.zip.disableMemoryMapping=true -Xmx1G -Xms100m -Xlog:disable -javaagent:c:\Users\USER\.vscode\extensions\redhat.java-1.36.0-win32-x64\lombok\lombok-1.18.35.jar 
java_command: c:\Users\USER\.vscode\extensions\redhat.java-1.36.0-win32-x64\server\plugins\org.eclipse.equinox.launcher_1.6.900.v20240613-2009.jar -configuration c:\Users\USER\AppData\Roaming\Code\User\globalStorage\redhat.java\1.36.0\config_ss_win -data c:\Users\USER\AppData\Roaming\Code\User\workspaceStorage\cd3e61c8526cfff99097a54911ca5c14\redhat.java\ss_ws --pipe=\\.\pipe\lsp-0d18fe4a221aae5f7109d49bc22a83ba-sock
java_class_path (initial): c:\Users\USER\.vscode\extensions\redhat.java-1.36.0-win32-x64\server\plugins\org.eclipse.equinox.launcher_1.6.900.v20240613-2009.jar
Launcher Type: SUN_STANDARD

[Global flags]
    uintx AdaptiveSizePolicyWeight                 = 90                                        {product} {command line}
     intx CICompilerCount                          = 4                                         {product} {ergonomic}
    uintx GCTimeRatio                              = 4                                         {product} {command line}
   size_t InitialHeapSize                          = 104857600                                 {product} {command line}
   size_t MaxHeapSize                              = 1073741824                                {product} {command line}
   size_t MaxNewSize                               = 357564416                                 {product} {ergonomic}
   size_t MinHeapDeltaBytes                        = 524288                                    {product} {ergonomic}
   size_t MinHeapSize                              = 104857600                                 {product} {command line}
   size_t NewSize                                  = 34603008                                  {product} {ergonomic}
    uintx NonNMethodCodeHeapSize                   = 5839372                                {pd product} {ergonomic}
    uintx NonProfiledCodeHeapSize                  = 122909434                              {pd product} {ergonomic}
   size_t OldSize                                  = 70254592                                  {product} {ergonomic}
    uintx ProfiledCodeHeapSize                     = 122909434                              {pd product} {ergonomic}
    uintx ReservedCodeCacheSize                    = 251658240                              {pd product} {ergonomic}
     bool SegmentedCodeCache                       = true                                      {product} {ergonomic}
   size_t SoftMaxHeapSize                          = 1073741824                             {manageable} {ergonomic}
     bool UseCompressedClassPointers               = true                           {product lp64_product} {ergonomic}
     bool UseCompressedOops                        = true                           {product lp64_product} {ergonomic}
     bool UseLargePagesIndividualAllocation        = false                                  {pd product} {ergonomic}
     bool UseParallelGC                            = true                                      {product} {command line}

Logging:
Log output configuration:
 #0: stdout all=off uptime,level,tags
 #1: stderr all=off uptime,level,tags

Environment Variables:
PATH=C:\Program Files\Common Files\Oracle\Java\javapath;C:\Program Files (x86)\Common Files\Oracle\Java\javapath;C:\Windows\system32;C:\Windows;C:\Windows\System32\Wbem;C:\Windows\System32\WindowsPowerShell\v1.0\;C:\Windows\System32\OpenSSH\;C:\Program Files\Microsoft VS Code\bin;C:\Program Files\Git\cmd;C:\Program Files (x86)\Microsoft SQL Server\160\Tools\Binn\;C:\Program Files\Microsoft SQL Server\160\Tools\Binn\;C:\Program Files\Microsoft SQL Server\Client SDK\ODBC\170\Tools\Binn\;C:\Program Files\Microsoft SQL Server\160\DTS\Binn\;C:\Program Files (x86)\Microsoft SQL Server\160\DTS\Binn\;C:\Program Files\Azure Data Studio\bin;C:\ProgramData\ComposerSetup\bin;C:\Program Files\nodejs\;C:\Users\USER\AppData\Local\pnpm;C:\Program Files\MongoDB\Server\7.0\bin;C:\Users\USER\AppData\Local\Programs\Python\Python312\Scripts\;C:\Users\USER\AppData\Local\Programs\Python\Python312\;C:\Users\USER\AppData\Local\Programs\Python\Launcher\;C:\Users\USER\AppData\Local\Microsoft\WindowsApps;C:\Program Files\Azure Data Studio\bin;C:\xampp\php;C:\Users\USER\AppData\Roaming\Composer\vendor\bin;C:\src\flutter\bin;C:\Program Files\nodejs\node_modules\npm\bin;C:\Users\USER\AppData\Local\pnpm;C:\Users\USER\AppData\Roaming\npm;C:\Users\USER\AppData\Local\Pub\Cache\bin;C:\Program Files\Java\jdk-11\bin;
USERNAME=USER
OS=Windows_NT
PROCESSOR_IDENTIFIER=AMD64 Family 25 Model 80 Stepping 0, AuthenticAMD
TMP=C:\Users\USER\AppData\Local\Temp
TEMP=C:\Users\USER\AppData\Local\Temp



Periodic native trim disabled


---------------  S Y S T E M  ---------------

OS:
 Windows 11 , 64 bit Build 22621 (10.0.22621.3958)
OS uptime: 1 days 5:24 hours

CPU: total 12 (initial active 12) (12 cores per cpu, 2 threads per core) family 25 model 80 stepping 0 microcode 0x0, cx8, cmov, fxsr, ht, mmx, 3dnowpref, sse, sse2, sse3, ssse3, sse4a, sse4.1, sse4.2, popcnt, lzcnt, tsc, tscinvbit, avx, avx2, aes, erms, clmul, bmi1, bmi2, adx, sha, fma, vzeroupper, clflush, clflushopt
Processor Information for all 12 processors :
  Max Mhz: 3301, Current Mhz: 3301, Mhz Limit: 3301

Memory: 4k page, system-wide physical 7581M (26M free)
TotalPageFile size 31133M (AvailPageFile size 0M)
current process WorkingSet (physical memory assigned to process): 83M, peak: 83M
current process commit charge ("private bytes"): 210M, peak: 210M

vm_info: OpenJDK 64-Bit Server VM (17.0.13+11) for windows-amd64 JRE (17.0.13+11), built on Oct 16 2024 00:10:08 by "admin" with MS VC++ 17.7 (VS2022)

END.
